-------------------------------------------------------------------------------
Test set: com.selenium.test.junit.tests.ChromeTest
-------------------------------------------------------------------------------
Tests run: 1, Failures: 1, Errors: 0, Skipped: 0, Time elapsed: 40.743 s <<< FAILURE! - in com.selenium.test.junit.tests.ChromeTest
testMarket(com.selenium.test.junit.tests.ChromeTest)  Time elapsed: 40.449 s  <<< FAILURE!
java.lang.AssertionError: Number of results on page 12 and not equal to 1 expected:<12> but was:<1>
	at com.selenium.test.junit.tests.ChromeTest.testMarket(ChromeTest.java:40)

