{
  "uid" : "b1059c91564c38cc",
  "name" : "testMarket",
  "title" : "Test market",
  "time" : {
    "start" : 1500236248350,
    "stop" : 1500236295789,
    "duration" : 47439
  },
  "summary" : {
    "attachments" : 1,
    "steps" : 0
  },
  "failure" : {
    "message" : "NoSuchElementException: Unable to locate element: .n-product-summary__content\nFor documentation on this error, please visit: http://seleniumhq.org/exceptions/no_such_element.html\nBuild info: version: '3.4.0', revision: 'unknown', time: 'unknown'\nSystem info: host: 'USA', ip: '192.168.0.109', os.name: 'Windows 10', os.arch: 'amd64', os.version: '10.0', java.version: '1.8.0_131'\nDriver info: org.openqa.selenium.firefox.FirefoxDriver\nCapabilities [{moz:profile=C:\\Users\\Alexey\\AppData\\Local\\Temp\\rust_mozprofile.Jqo3pvrjAYkN, rotatable=false, timeouts={implicit=0.0, pageLoad=300000.0, script=30000.0}, pageLoadStrategy=normal, platform=ANY, specificationLevel=0.0, moz:accessibilityChecks=false, acceptInsecureCerts=true, browserVersion=54.0.1, platformVersion=10.0, moz:processID=6828.0, browserName=firefox, javascriptEnabled=true, platformName=windows_nt}]\nSession ID: ee3f69db-fe76-47a3-80f2-4a07cc2e8547\n*** Element info: {Using=css selector, value=.n-product-summary__content}",
    "stackTrace" : "org.openqa.selenium.NoSuchElementException: Unable to locate element: .n-product-summary__content\nFor documentation on this error, please visit: http://seleniumhq.org/exceptions/no_such_element.html\nBuild info: version: '3.4.0', revision: 'unknown', time: 'unknown'\nSystem info: host: 'USA', ip: '192.168.0.109', os.name: 'Windows 10', os.arch: 'amd64', os.version: '10.0', java.version: '1.8.0_131'\nDriver info: org.openqa.selenium.firefox.FirefoxDriver\nCapabilities [{moz:profile=C:\\Users\\Alexey\\AppData\\Local\\Temp\\rust_mozprofile.Jqo3pvrjAYkN, rotatable=false, timeouts={implicit=0.0, pageLoad=300000.0, script=30000.0}, pageLoadStrategy=normal, platform=ANY, specificationLevel=0.0, moz:accessibilityChecks=false, acceptInsecureCerts=true, browserVersion=54.0.1, platformVersion=10.0, moz:processID=6828.0, browserName=firefox, javascriptEnabled=true, platformName=windows_nt}]\nSession ID: ee3f69db-fe76-47a3-80f2-4a07cc2e8547\n*** Element info: {Using=css selector, value=.n-product-summary__content}\n\tat sun.reflect.NativeConstructorAccessorImpl.newInstance0(Native Method)\n\tat sun.reflect.NativeConstructorAccessorImpl.newInstance(NativeConstructorAccessorImpl.java:62)\n\tat sun.reflect.DelegatingConstructorAccessorImpl.newInstance(DelegatingConstructorAccessorImpl.java:45)\n\tat java.lang.reflect.Constructor.newInstance(Constructor.java:423)\n\tat org.openqa.selenium.remote.http.W3CHttpResponseCodec.createException(W3CHttpResponseCodec.java:150)\n\tat org.openqa.selenium.remote.http.W3CHttpResponseCodec.decode(W3CHttpResponseCodec.java:115)\n\tat org.openqa.selenium.remote.http.W3CHttpResponseCodec.decode(W3CHttpResponseCodec.java:45)\n\tat org.openqa.selenium.remote.HttpCommandExecutor.execute(HttpCommandExecutor.java:164)\n\tat org.openqa.selenium.remote.service.DriverCommandExecutor.execute(DriverCommandExecutor.java:82)\n\tat org.openqa.selenium.remote.RemoteWebDriver.execute(RemoteWebDriver.java:637)\n\tat org.openqa.selenium.remote.RemoteWebDriver.findElement(RemoteWebDriver.java:410)\n\tat org.openqa.selenium.remote.RemoteWebDriver.findElementByCssSelector(RemoteWebDriver.java:501)\n\tat org.openqa.selenium.By$ByCssSelector.findElement(By.java:430)\n\tat org.openqa.selenium.remote.RemoteWebDriver.findElement(RemoteWebDriver.java:402)\n\tat org.openqa.selenium.support.pagefactory.DefaultElementLocator.findElement(DefaultElementLocator.java:69)\n\tat org.openqa.selenium.support.pagefactory.internal.LocatingElementHandler.invoke(LocatingElementHandler.java:38)\n\tat com.sun.proxy.$Proxy8.isDisplayed(Unknown Source)\n\tat com.selenium.test.pages.ProductPage.isPageOpened(ProductPage.java:31)\n\tat com.selenium.test.webtestsbase.BasePage.waitForOpen(BasePage.java:35)\n\tat com.selenium.test.webtestsbase.BasePage.<init>(BasePage.java:27)\n\tat com.selenium.test.pages.ProductPage.<init>(ProductPage.java:21)\n\tat com.selenium.test.pages.MarketPage.search(MarketPage.java:89)\n\tat com.selenium.test.junit.tests.FireFoxTest.testMarket(FireFoxTest.java:40)\n\tat sun.reflect.NativeMethodAccessorImpl.invoke0(Native Method)\n\tat sun.reflect.NativeMethodAccessorImpl.invoke(NativeMethodAccessorImpl.java:62)\n\tat sun.reflect.DelegatingMethodAccessorImpl.invoke(DelegatingMethodAccessorImpl.java:43)\n\tat java.lang.reflect.Method.invoke(Method.java:498)\n\tat org.junit.runners.model.FrameworkMethod$1.runReflectiveCall(FrameworkMethod.java:50)\n\tat org.junit.internal.runners.model.ReflectiveCallable.run(ReflectiveCallable.java:12)\n\tat org.junit.runners.model.FrameworkMethod.invokeExplosively(FrameworkMethod.java:47)\n\tat org.junit.internal.runners.statements.InvokeMethod.evaluate(InvokeMethod.java:17)\n\tat org.junit.internal.runners.statements.RunBefores.evaluate(RunBefores.java:26)\n\tat com.selenium.test.junit.rules.ScreenShotOnFailRule$1.evaluate(ScreenShotOnFailRule.java:27)\n\tat org.junit.rules.ExternalResource$1.evaluate(ExternalResource.java:48)\n\tat org.junit.rules.RunRules.evaluate(RunRules.java:20)\n\tat org.junit.runners.ParentRunner.runLeaf(ParentRunner.java:325)\n\tat org.junit.runners.BlockJUnit4ClassRunner.runChild(BlockJUnit4ClassRunner.java:78)\n\tat org.junit.runners.BlockJUnit4ClassRunner.runChild(BlockJUnit4ClassRunner.java:57)\n\tat org.junit.runners.ParentRunner$3.run(ParentRunner.java:290)\n\tat org.junit.runners.ParentRunner$1.schedule(ParentRunner.java:71)\n\tat org.junit.runners.ParentRunner.runChildren(ParentRunner.java:288)\n\tat org.junit.runners.ParentRunner.access$000(ParentRunner.java:58)\n\tat org.junit.runners.ParentRunner$2.evaluate(ParentRunner.java:268)\n\tat org.junit.runners.ParentRunner.run(ParentRunner.java:363)\n\tat org.apache.maven.surefire.junit4.JUnit4Provider.execute(JUnit4Provider.java:365)\n\tat org.apache.maven.surefire.junit4.JUnit4Provider.executeWithRerun(JUnit4Provider.java:272)\n\tat org.apache.maven.surefire.junit4.JUnit4Provider.executeTestSet(JUnit4Provider.java:236)\n\tat org.apache.maven.surefire.junit4.JUnit4Provider.invoke(JUnit4Provider.java:159)\n\tat org.apache.maven.surefire.booter.ForkedBooter.invokeProviderInSameClassLoader(ForkedBooter.java:386)\n\tat org.apache.maven.surefire.booter.ForkedBooter.runSuitesInProcess(ForkedBooter.java:323)\n\tat org.apache.maven.surefire.booter.ForkedBooter.main(ForkedBooter.java:143)\n"
  },
  "description" : null,
  "severity" : "NORMAL",
  "status" : "BROKEN",
  "suite" : {
    "uid" : "271c6ed633be5a3f",
    "name" : "com.selenium.test.junit.tests.FireFoxTest",
    "title" : "Fire fox test"
  },
  "steps" : [ ],
  "attachments" : [ {
    "title" : "Page screenshot",
    "source" : "082c9e9e-b13a-48ab-bbc4-0f181bda7ec9-attachment.png",
    "type" : "image/png",
    "size" : 105301,
    "uid" : "10008c2ec4972e73"
  } ],
  "issues" : [ ],
  "testIds" : [ ],
  "labels" : [ {
    "name" : "host",
    "value" : "Usa"
  }, {
    "name" : "framework",
    "value" : "JUnit"
  }, {
    "name" : "language",
    "value" : "JAVA"
  }, {
    "name" : "suite-name",
    "value" : "com.selenium.test.junit.tests.FireFoxTest"
  }, {
    "name" : "suite-title",
    "value" : null
  }, {
    "name" : "thread",
    "value" : "10016@Usa.main(1)"
  } ],
  "parameters" : [ ]
}